Determining if the pthread_create exist failed with the following output:
Change Dir: /home/sdd/muti_LRF_calibration/build/CMakeFiles/CMakeTmp

Run Build Command:"/usr/bin/make" "cmTC_700ed/fast"
/usr/bin/make -f CMakeFiles/cmTC_700ed.dir/build.make CMakeFiles/cmTC_700ed.dir/build
make[1]: Entering directory '/home/sdd/muti_LRF_calibration/build/CMakeFiles/CMakeTmp'
Building C object CMakeFiles/cmTC_700ed.dir/CheckSymbolExists.c.o
/usr/bin/cc     -o CMakeFiles/cmTC_700ed.dir/CheckSymbolExists.c.o   -c /home/sdd/muti_LRF_calibration/build/CMakeFiles/CMakeTmp/CheckSymbolExists.c
Linking C executable cmTC_700ed
/usr/bin/cmake -E cmake_link_script CMakeFiles/cmTC_700ed.dir/link.txt --verbose=1
/usr/bin/cc       CMakeFiles/cmTC_700ed.dir/CheckSymbolExists.c.o  -o cmTC_700ed -rdynamic 
CMakeFiles/cmTC_700ed.dir/CheckSymbolExists.c.o：在函数‘main’中：
CheckSymbolExists.c:(.text+0x16)：对‘pthread_create’未定义的引用
collect2: error: ld returned 1 exit status
CMakeFiles/cmTC_700ed.dir/build.make:97: recipe for target 'cmTC_700ed' failed
make[1]: *** [cmTC_700ed] Error 1
make[1]: Leaving directory '/home/sdd/muti_LRF_calibration/build/CMakeFiles/CMakeTmp'
Makefile:126: recipe for target 'cmTC_700ed/fast' failed
make: *** [cmTC_700ed/fast] Error 2

File /home/sdd/muti_LRF_calibration/build/CMakeFiles/CMakeTmp/CheckSymbolExists.c:
/* */
#include <pthread.h>

int main(int argc, char** argv)
{
  (void)argv;
#ifndef pthread_create
  return ((int*)(&pthread_create))[argc];
#else
  (void)argc;
  return 0;
#endif
}

Determining if the function pthread_create exists in the pthreads failed with the following output:
Change Dir: /home/sdd/muti_LRF_calibration/build/CMakeFiles/CMakeTmp

Run Build Command:"/usr/bin/make" "cmTC_82410/fast"
/usr/bin/make -f CMakeFiles/cmTC_82410.dir/build.make CMakeFiles/cmTC_82410.dir/build
make[1]: Entering directory '/home/sdd/muti_LRF_calibration/build/CMakeFiles/CMakeTmp'
Building C object CMakeFiles/cmTC_82410.dir/CheckFunctionExists.c.o
/usr/bin/cc    -DCHECK_FUNCTION_EXISTS=pthread_create   -o CMakeFiles/cmTC_82410.dir/CheckFunctionExists.c.o   -c /usr/share/cmake-3.5/Modules/CheckFunctionExists.c
Linking C executable cmTC_82410
/usr/bin/cmake -E cmake_link_script CMakeFiles/cmTC_82410.dir/link.txt --verbose=1
/usr/bin/cc   -DCHECK_FUNCTION_EXISTS=pthread_create    CMakeFiles/cmTC_82410.dir/CheckFunctionExists.c.o  -o cmTC_82410 -rdynamic -lpthreads 
/usr/bin/ld: 找不到 -lpthreads
collect2: error: ld returned 1 exit status
CMakeFiles/cmTC_82410.dir/build.make:97: recipe for target 'cmTC_82410' failed
make[1]: *** [cmTC_82410] Error 1
make[1]: Leaving directory '/home/sdd/muti_LRF_calibration/build/CMakeFiles/CMakeTmp'
Makefile:126: recipe for target 'cmTC_82410/fast' failed
make: *** [cmTC_82410/fast] Error 2


